<?xml version="1.0" encoding="UTF-8"?>
<!-- Generated by org.testng.reporters.JUnitReportReporter -->
<testsuite hostname="LAPTOP-304KTJ9M" failures="0" tests="1" name="demopkg.Democlstest" time="13.473" errors="0" timestamp="2024-06-14T13:12:14 SAST" skipped="0">
  <testcase classname="demopkg.Democlstest" name="Login" time="13.473"/>
  <system-out/>
</testsuite> <!-- demopkg.Democlstest -->
